<?xml version="1.0" encoding="UTF-8"?>
<!-- Generated by org.testng.reporters.JUnitReportReporter -->
<testsuite hostname="LAPTOP-9G2BJOQA" failures="0" tests="10" name="nextGen.SpecifyNoOfTimesItruns" time="0.027" errors="0" timestamp="2022-11-22T11:54:25 IST" skipped="0">
  <testcase classname="nextGen.SpecifyNoOfTimesItruns" name="test03" time="0.002"/>
  <system-out>
    <![CDATA[3]]>
  </system-out>
  <testcase classname="nextGen.SpecifyNoOfTimesItruns" name="test01" time="0.002"/>
  <system-out>
    <![CDATA[1]]>
  </system-out>
  <testcase classname="nextGen.SpecifyNoOfTimesItruns" name="test01" time="0.003"/>
  <system-out>
    <![CDATA[1]]>
  </system-out>
  <testcase classname="nextGen.SpecifyNoOfTimesItruns" name="test04" time="0.001"/>
  <system-out>
    <![CDATA[4]]>
  </system-out>
  <testcase classname="nextGen.SpecifyNoOfTimesItruns" name="test02" time="0.001"/>
  <system-out>
    <![CDATA[2]]>
  </system-out>
  <testcase classname="nextGen.SpecifyNoOfTimesItruns" name="test01" time="0.011"/>
  <system-out>
    <![CDATA[1]]>
  </system-out>
  <testcase classname="nextGen.SpecifyNoOfTimesItruns" name="test02" time="0.002"/>
  <system-out>
    <![CDATA[2]]>
  </system-out>
  <testcase classname="nextGen.SpecifyNoOfTimesItruns" name="test01" time="0.002"/>
  <system-out>
    <![CDATA[1]]>
  </system-out>
  <testcase classname="nextGen.SpecifyNoOfTimesItruns" name="test02" time="0.002"/>
  <system-out>
    <![CDATA[2]]>
  </system-out>
  <testcase classname="nextGen.SpecifyNoOfTimesItruns" name="test03" time="0.001"/>
  <system-out>
    <![CDATA[3]]>
  </system-out>
</testsuite> <!-- nextGen.SpecifyNoOfTimesItruns -->
