<?xml version="1.0" encoding="UTF-8"?>
<!-- Generated by org.testng.reporters.JUnitReportReporter -->
<testsuite hostname="LAPTOP-9G2BJOQA" failures="0" tests="1" name="firstGen.Redbus01" time="12.851" errors="0" timestamp="2022-11-23T10:43:56 IST" skipped="0">
  <testcase classname="firstGen.Redbus01" name="trialRun" time="12.851"/>
  <system-out/>
</testsuite> <!-- firstGen.Redbus01 -->
