<?xml version="1.0" encoding="UTF-8"?>
<!-- Generated by org.testng.reporters.JUnitReportReporter -->
<testsuite hostname="LAPTOP-9G2BJOQA" failures="0" tests="2" name="nextGen.HelloWorld" time="0.011" errors="0" timestamp="2022-11-21T13:39:43 IST" skipped="0">
  <testcase classname="nextGen.HelloWorld" name="test2" time="0.008"/>
  <system-out>
    <![CDATA[2]]>
  </system-out>
  <testcase classname="nextGen.HelloWorld" name="test1" time="0.003"/>
  <system-out>
    <![CDATA[1]]>
  </system-out>
</testsuite> <!-- nextGen.HelloWorld -->
