<?xml version="1.0" encoding="UTF-8"?>
<!-- Generated by org.testng.reporters.JUnitReportReporter -->
<testsuite hostname="LAPTOP-9G2BJOQA" failures="0" tests="1" name="nextGen.HelloCountry" time="0.021" errors="0" timestamp="2022-11-21T13:39:43 IST" skipped="0">
  <testcase classname="nextGen.HelloCountry" name="test3" time="0.021"/>
  <system-out>
    <![CDATA[3]]>
  </system-out>
</testsuite> <!-- nextGen.HelloCountry -->
