<?xml version="1.0" encoding="UTF-8"?>
<!-- Generated by org.testng.reporters.JUnitReportReporter -->
<testsuite hostname="LAPTOP-9G2BJOQA" failures="0" tests="4" name="nextGen.SpecifyPriority" time="0.031" errors="0" timestamp="2022-11-22T11:49:41 IST" skipped="0">
  <testcase classname="nextGen.SpecifyPriority" name="test04" time="0.025"/>
  <system-out>
    <![CDATA[4]]>
  </system-out>
  <testcase classname="nextGen.SpecifyPriority" name="test01" time="0.002"/>
  <system-out>
    <![CDATA[1]]>
  </system-out>
  <testcase classname="nextGen.SpecifyPriority" name="test02" time="0.002"/>
  <system-out>
    <![CDATA[2]]>
  </system-out>
  <testcase classname="nextGen.SpecifyPriority" name="test03" time="0.002"/>
  <system-out>
    <![CDATA[3]]>
  </system-out>
</testsuite> <!-- nextGen.SpecifyPriority -->
