<?xml version="1.0" encoding="UTF-8"?>
<!-- Generated by org.testng.reporters.JUnitReportReporter -->
<testsuite hostname="LAPTOP-9G2BJOQA" failures="0" tests="1" name="trial.Heycount" time="0.002" errors="0" timestamp="2022-11-25T20:38:29 IST" skipped="0">
  <testcase classname="trial.Heycount" name="test3" time="0.002"/>
  <system-out>
    <![CDATA[3]]>
  </system-out>
</testsuite> <!-- trial.Heycount -->
