<?xml version="1.0" encoding="UTF-8"?>
<!-- Generated by org.testng.reporters.JUnitReportReporter -->
<testsuite hostname="LAPTOP-9G2BJOQA" failures="0" tests="1" name="testScripts.TrialonSouled" time="41.502" errors="0" timestamp="2022-11-26T19:50:17 IST" skipped="0">
  <testcase classname="testScripts.TrialonSouled" name="test01" time="41.502"/>
  <system-out/>
</testsuite> <!-- testScripts.TrialonSouled -->
