<?xml version="1.0" encoding="UTF-8"?>
<!-- Generated by org.testng.reporters.JUnitReportReporter -->
<testsuite hostname="LAPTOP-9G2BJOQA" failures="0" tests="1" name="testScripts.LoginMultitimes" time="15.729" errors="0" timestamp="2022-11-25T21:15:05 IST" skipped="0">
  <testcase classname="testScripts.LoginMultitimes" name="test01" time="15.729"/>
  <system-out/>
</testsuite> <!-- testScripts.LoginMultitimes -->
