<?xml version="1.0" encoding="UTF-8"?>
<!-- Generated by org.testng.reporters.JUnitReportReporter -->
<testsuite hostname="LAPTOP-9G2BJOQA" failures="0" tests="1" name="testScripts.LoginActitime" time="15.341" errors="0" timestamp="2022-11-25T21:20:34 IST" skipped="0">
  <testcase classname="testScripts.LoginActitime" name="test01" time="15.341"/>
  <system-out/>
</testsuite> <!-- testScripts.LoginActitime -->
