<?xml version="1.0" encoding="UTF-8"?>
<!-- Generated by org.testng.reporters.JUnitReportReporter -->
<testsuite hostname="LAPTOP-9G2BJOQA" failures="0" tests="2" name="trial.Heyworld" time="0.012" errors="0" timestamp="2022-11-25T20:38:29 IST" skipped="0">
  <testcase classname="trial.Heyworld" name="test1" time="0.011"/>
  <system-out>
    <![CDATA[1]]>
  </system-out>
  <testcase classname="trial.Heyworld" name="test2" time="0.001"/>
  <system-out>
    <![CDATA[2]]>
  </system-out>
</testsuite> <!-- trial.Heyworld -->
